Determining if the Q_WS_WIN exist failed with the following output:
Change Dir: /home/volk/Projects/libretro-sh-launcher/obj-x86_64-linux-gnu/CMakeFiles/CMakeTmp

Run Build Command:"/usr/bin/make" "cmTC_a9249/fast"
make[1]: вход в каталог «/home/volk/Projects/libretro-sh-launcher/obj-x86_64-linux-gnu/CMakeFiles/CMakeTmp»
/usr/bin/make -f CMakeFiles/cmTC_a9249.dir/build.make CMakeFiles/cmTC_a9249.dir/build
make[2]: вход в каталог «/home/volk/Projects/libretro-sh-launcher/obj-x86_64-linux-gnu/CMakeFiles/CMakeTmp»
Building CXX object CMakeFiles/cmTC_a9249.dir/CheckSymbolExists.cxx.o
/usr/bin/c++    -I/usr/include/qt4  -g -O2    -o CMakeFiles/cmTC_a9249.dir/CheckSymbolExists.cxx.o -c /home/volk/Projects/libretro-sh-launcher/obj-x86_64-linux-gnu/CMakeFiles/CMakeTmp/CheckSymbolExists.cxx
/home/volk/Projects/libretro-sh-launcher/obj-x86_64-linux-gnu/CMakeFiles/CMakeTmp/CheckSymbolExists.cxx: In function ‘int main(int, char**)’:
/home/volk/Projects/libretro-sh-launcher/obj-x86_64-linux-gnu/CMakeFiles/CMakeTmp/CheckSymbolExists.cxx:8:19: error: ‘Q_WS_WIN’ was not declared in this scope
   return ((int*)(&Q_WS_WIN))[argc];
                   ^~~~~~~~
CMakeFiles/cmTC_a9249.dir/build.make:65: ошибка выполнения рецепта для цели «CMakeFiles/cmTC_a9249.dir/CheckSymbolExists.cxx.o»
make[2]: *** [CMakeFiles/cmTC_a9249.dir/CheckSymbolExists.cxx.o] Ошибка 1
make[2]: выход из каталога «/home/volk/Projects/libretro-sh-launcher/obj-x86_64-linux-gnu/CMakeFiles/CMakeTmp»
Makefile:126: ошибка выполнения рецепта для цели «cmTC_a9249/fast»
make[1]: *** [cmTC_a9249/fast] Ошибка 2
make[1]: выход из каталога «/home/volk/Projects/libretro-sh-launcher/obj-x86_64-linux-gnu/CMakeFiles/CMakeTmp»

File /home/volk/Projects/libretro-sh-launcher/obj-x86_64-linux-gnu/CMakeFiles/CMakeTmp/CheckSymbolExists.cxx:
/* */
#include <QtCore/qglobal.h>

int main(int argc, char** argv)
{
  (void)argv;
#ifndef Q_WS_WIN
  return ((int*)(&Q_WS_WIN))[argc];
#else
  (void)argc;
  return 0;
#endif
}

Determining if the Q_WS_QWS exist failed with the following output:
Change Dir: /home/volk/Projects/libretro-sh-launcher/obj-x86_64-linux-gnu/CMakeFiles/CMakeTmp

Run Build Command:"/usr/bin/make" "cmTC_7685b/fast"
make[1]: вход в каталог «/home/volk/Projects/libretro-sh-launcher/obj-x86_64-linux-gnu/CMakeFiles/CMakeTmp»
/usr/bin/make -f CMakeFiles/cmTC_7685b.dir/build.make CMakeFiles/cmTC_7685b.dir/build
make[2]: вход в каталог «/home/volk/Projects/libretro-sh-launcher/obj-x86_64-linux-gnu/CMakeFiles/CMakeTmp»
Building CXX object CMakeFiles/cmTC_7685b.dir/CheckSymbolExists.cxx.o
/usr/bin/c++    -I/usr/include/qt4  -g -O2    -o CMakeFiles/cmTC_7685b.dir/CheckSymbolExists.cxx.o -c /home/volk/Projects/libretro-sh-launcher/obj-x86_64-linux-gnu/CMakeFiles/CMakeTmp/CheckSymbolExists.cxx
/home/volk/Projects/libretro-sh-launcher/obj-x86_64-linux-gnu/CMakeFiles/CMakeTmp/CheckSymbolExists.cxx: In function ‘int main(int, char**)’:
/home/volk/Projects/libretro-sh-launcher/obj-x86_64-linux-gnu/CMakeFiles/CMakeTmp/CheckSymbolExists.cxx:8:19: error: ‘Q_WS_QWS’ was not declared in this scope
   return ((int*)(&Q_WS_QWS))[argc];
                   ^~~~~~~~
CMakeFiles/cmTC_7685b.dir/build.make:65: ошибка выполнения рецепта для цели «CMakeFiles/cmTC_7685b.dir/CheckSymbolExists.cxx.o»
make[2]: *** [CMakeFiles/cmTC_7685b.dir/CheckSymbolExists.cxx.o] Ошибка 1
make[2]: выход из каталога «/home/volk/Projects/libretro-sh-launcher/obj-x86_64-linux-gnu/CMakeFiles/CMakeTmp»
Makefile:126: ошибка выполнения рецепта для цели «cmTC_7685b/fast»
make[1]: *** [cmTC_7685b/fast] Ошибка 2
make[1]: выход из каталога «/home/volk/Projects/libretro-sh-launcher/obj-x86_64-linux-gnu/CMakeFiles/CMakeTmp»

File /home/volk/Projects/libretro-sh-launcher/obj-x86_64-linux-gnu/CMakeFiles/CMakeTmp/CheckSymbolExists.cxx:
/* */
#include <QtCore/qglobal.h>

int main(int argc, char** argv)
{
  (void)argv;
#ifndef Q_WS_QWS
  return ((int*)(&Q_WS_QWS))[argc];
#else
  (void)argc;
  return 0;
#endif
}

Determining if the Q_WS_MAC exist failed with the following output:
Change Dir: /home/volk/Projects/libretro-sh-launcher/obj-x86_64-linux-gnu/CMakeFiles/CMakeTmp

Run Build Command:"/usr/bin/make" "cmTC_62faf/fast"
make[1]: вход в каталог «/home/volk/Projects/libretro-sh-launcher/obj-x86_64-linux-gnu/CMakeFiles/CMakeTmp»
/usr/bin/make -f CMakeFiles/cmTC_62faf.dir/build.make CMakeFiles/cmTC_62faf.dir/build
make[2]: вход в каталог «/home/volk/Projects/libretro-sh-launcher/obj-x86_64-linux-gnu/CMakeFiles/CMakeTmp»
Building CXX object CMakeFiles/cmTC_62faf.dir/CheckSymbolExists.cxx.o
/usr/bin/c++    -I/usr/include/qt4  -g -O2    -o CMakeFiles/cmTC_62faf.dir/CheckSymbolExists.cxx.o -c /home/volk/Projects/libretro-sh-launcher/obj-x86_64-linux-gnu/CMakeFiles/CMakeTmp/CheckSymbolExists.cxx
/home/volk/Projects/libretro-sh-launcher/obj-x86_64-linux-gnu/CMakeFiles/CMakeTmp/CheckSymbolExists.cxx: In function ‘int main(int, char**)’:
/home/volk/Projects/libretro-sh-launcher/obj-x86_64-linux-gnu/CMakeFiles/CMakeTmp/CheckSymbolExists.cxx:8:19: error: ‘Q_WS_MAC’ was not declared in this scope
   return ((int*)(&Q_WS_MAC))[argc];
                   ^~~~~~~~
CMakeFiles/cmTC_62faf.dir/build.make:65: ошибка выполнения рецепта для цели «CMakeFiles/cmTC_62faf.dir/CheckSymbolExists.cxx.o»
make[2]: *** [CMakeFiles/cmTC_62faf.dir/CheckSymbolExists.cxx.o] Ошибка 1
make[2]: выход из каталога «/home/volk/Projects/libretro-sh-launcher/obj-x86_64-linux-gnu/CMakeFiles/CMakeTmp»
Makefile:126: ошибка выполнения рецепта для цели «cmTC_62faf/fast»
make[1]: *** [cmTC_62faf/fast] Ошибка 2
make[1]: выход из каталога «/home/volk/Projects/libretro-sh-launcher/obj-x86_64-linux-gnu/CMakeFiles/CMakeTmp»

File /home/volk/Projects/libretro-sh-launcher/obj-x86_64-linux-gnu/CMakeFiles/CMakeTmp/CheckSymbolExists.cxx:
/* */
#include <QtCore/qglobal.h>

int main(int argc, char** argv)
{
  (void)argv;
#ifndef Q_WS_MAC
  return ((int*)(&Q_WS_MAC))[argc];
#else
  (void)argc;
  return 0;
#endif
}

